[6048][1739261061540][auth][info]["EventBus~initialize - Success"]
[6048][1739261061969][auth][info]["Authentication~did-fail-load: Error with code ",-111,"https://identity.getpostman.com"]
[6048][1739261061970][auth][warn]["Authentication~Window Failed to load",{"errorCode":-111,"errorDescription":"ERR_TUNNEL_CONNECTION_FAILED","isTrusted":false,"isMainFrame":true}]
[6048][1739261062253][auth][info]["Authentication~did-navigate:","file://"]
[6048][1739261064575][auth][info]["Authentication~will-navigate:","https://identity.getpostman.com"]
[6048][1739261064867][auth][info]["Authentication~did-fail-load: Error with code ",-111,"https://identity.getpostman.com"]
[6048][1739261064867][auth][warn]["Authentication~Window Failed to load",{"errorCode":-111,"errorDescription":"ERR_TUNNEL_CONNECTION_FAILED","isTrusted":false,"isMainFrame":true}]
[6048][1739261065249][auth][info]["Authentication~did-navigate:","file://"]
[7928][1739261110836][auth][info]["EventBus~initialize - Success"]
[7928][1739261111328][auth][info]["Authentication~did-fail-load: Error with code ",-111,"https://identity.getpostman.com"]
[7928][1739261111329][auth][warn]["Authentication~Window Failed to load",{"errorCode":-111,"errorDescription":"ERR_TUNNEL_CONNECTION_FAILED","isTrusted":false,"isMainFrame":true}]
[7928][1739261111619][auth][info]["Authentication~did-navigate:","file://"]
[4232][1739506168485][auth][info]["EventBus~initialize - Success"]
[4232][1739506169714][auth][info]["Authentication~did-navigate:","https://identity.getpostman.com"]
[4232][1739506181864][auth][info]["Authentication~will-navigate:","https://identity.getpostman.com"]
[4232][1739506182271][auth][info]["Authentication~did-navigate:","https://identity.getpostman.com"]
[4232][1739509934551][auth][info]["EventBus~initialize - Success"]
[4232][1739509935842][auth][info]["Authentication~did-navigate:","https://identity.getpostman.com"]
[4232][1739510174392][auth][info]["Authentication~will-navigate:","https://identity.getpostman.com"]
[4232][1739510174755][auth][info]["Authentication~did-navigate:","https://identity.getpostman.com"]
[4232][1739510179774][auth][info]["EventBus~initialize - Success"]
[4232][1739510180654][auth][info]["Authentication~did-navigate:","https://identity.getpostman.com"]
[4232][1739510228792][auth][info]["Authentication~will-navigate:","https://identity.getpostman.com"]
[4232][1739510229144][auth][info]["Authentication~did-navigate:","https://identity.getpostman.com"]
[4232][1739510234256][auth][info]["EventBus~initialize - Success"]
[4232][1739510235079][auth][info]["Authentication~did-navigate:","https://identity.getpostman.com"]
[4232][1739512783879][auth][info]["EventBus~initialize - Success"]
[4232][1739512785021][auth][info]["Authentication~did-navigate:","https://identity.getpostman.com"]
[4232][1739512815763][auth][info]["EventBus~initialize - Success"]
[4232][1739512816567][auth][info]["Authentication~did-navigate:","https://identity.getpostman.com"]
[6552][1741241792449][auth][info]["EventBus~initialize - Success"]
[6552][1741241794638][auth][info]["Authentication~did-navigate:","https://identity.getpostman.com"]
[7896][1741848842064][auth][info]["EventBus~initialize - Success"]
[7896][1741848844048][auth][info]["Authentication~did-navigate:","https://identity.getpostman.com"]
[7896][1741848870721][auth][info]["Authentication~will-navigate:","https://identity.getpostman.com"]
[7896][1741848871009][auth][info]["Authentication~did-navigate:","https://identity.getpostman.com"]
[7896][1741848886646][auth][info]["EventBus~initialize - Success"]
[7896][1741848887945][auth][info]["Authentication~did-navigate:","https://identity.getpostman.com"]
[7896][1741848891960][auth][info]["Authentication~will-navigate:","https://identity.getpostman.com"]
[7896][1741848892245][auth][info]["Authentication~did-navigate:","https://identity.getpostman.com"]
[7896][1741848899991][auth][info]["EventBus~initialize - Success"]
[7896][1741848900839][auth][info]["Authentication~did-navigate:","https://identity.getpostman.com"]
[7896][1741849205523][auth][info]["Authentication~will-navigate:","https://identity.getpostman.com"]
[7896][1741849205804][auth][info]["Authentication~did-navigate:","https://identity.getpostman.com"]
[7896][1741849585166][auth][info]["Authentication~will-navigate:","https://identity.getpostman.com"]
[7896][1741849585479][auth][info]["Authentication~did-navigate:","https://identity.getpostman.com"]
[7896][1741849683197][auth][info]["Authentication~will-navigate:","https://erisedstraehruoytubecafruoytonwohsi.chromiumapp.org"]
